Build started 30-May-16 12:22:08 AM.
     1>Project "C:\Users\saubhagyaw\Documents\GitHub\FYP\FYP_PersonFollowing\FYP_PersonFollowing\FYP_PersonFollowing.vcxproj" on node 2 (Build target(s)).
     1>ClCompile:
         C:\Program Files (x86)\Microsoft Visual Studio 12.0\VC\bin\CL.exe /c /ID:\opencv\build\\include /ZI /nologo /W3 /WX- /sdl /Od /Oy- /D _MBCS /Gm /EHsc /RTC1 /MDd /GS /fp:precise /Zc:wchar_t /Zc:forScope /Fo"Debug\\" /Fd"Debug\vc120.pdb" /Gd /TP /analyze- /errorReport:prompt BackPersonFollowing.cpp SideBySidePersonFollowing.cpp main.cpp
         BackPersonFollowing.cpp
     1>c:\users\saubhagyaw\documents\github\fyp\fyp_personfollowing\fyp_personfollowing\backpersonfollowing.cpp(58): warning C4244: 'argument' : conversion from 'double' to 'int', possible loss of data
     1>c:\users\saubhagyaw\documents\github\fyp\fyp_personfollowing\fyp_personfollowing\backpersonfollowing.cpp(61): warning C4244: 'argument' : conversion from 'double' to 'int', possible loss of data
     1>c:\users\saubhagyaw\documents\github\fyp\fyp_personfollowing\fyp_personfollowing\backpersonfollowing.cpp(89): warning C4244: 'argument' : conversion from 'double' to 'int', possible loss of data
     1>c:\users\saubhagyaw\documents\github\fyp\fyp_personfollowing\fyp_personfollowing\backpersonfollowing.cpp(92): warning C4244: 'argument' : conversion from 'double' to 'int', possible loss of data
         Generating Code...
         Skipping... (no relevant changes detected)
         main.cpp
         SideBySidePersonFollowing.cpp
       Link:
         C:\Program Files (x86)\Microsoft Visual Studio 12.0\VC\bin\link.exe /ERRORREPORT:PROMPT /OUT:"C:\Users\saubhagyaw\Documents\GitHub\FYP\FYP_PersonFollowing\Debug\FYP_PersonFollowing.exe" /INCREMENTAL /NOLOGO /LIBPATH:D:\opencv\build\\x86\vc12\lib opencv_ts300d.lib opencv_world300d.lib kernel32.lib user32.lib gdi32.lib winspool.lib comdlg32.lib advapi32.lib shell32.lib ole32.lib oleaut32.lib uuid.lib odbc32.lib odbccp32.lib /MANIFEST /MANIFESTUAC:"level='asInvoker' uiAccess='false'" /manifest:embed /DEBUG /PDB:"C:\Users\saubhagyaw\Documents\GitHub\FYP\FYP_PersonFollowing\Debug\FYP_PersonFollowing.pdb" /TLBID:1 /DYNAMICBASE /NXCOMPAT /IMPLIB:"C:\Users\saubhagyaw\Documents\GitHub\FYP\FYP_PersonFollowing\Debug\FYP_PersonFollowing.lib" /MACHINE:X86 Debug\BackPersonFollowing.obj
         Debug\main.obj
         Debug\Position.obj
         Debug\SideBySidePersonFollowing.obj
         FYP_PersonFollowing.vcxproj -> C:\Users\saubhagyaw\Documents\GitHub\FYP\FYP_PersonFollowing\Debug\FYP_PersonFollowing.exe
     1>Done Building Project "C:\Users\saubhagyaw\Documents\GitHub\FYP\FYP_PersonFollowing\FYP_PersonFollowing\FYP_PersonFollowing.vcxproj" (Build target(s)).

Build succeeded.

Time Elapsed 00:00:03.16
