Build started 31-May-16 10:46:23 AM.
     1>Project "C:\Users\saubhagyaw\Documents\GitHub\FYP\FYP_ImageProcessing_UI\FYP_ImageProcessing_UI\FYP_ImageProcessing_UI.vcxproj" on node 2 (Build target(s)).
     1>ClCompile:
         C:\Program Files (x86)\Microsoft Visual Studio 12.0\VC\bin\CL.exe /c /ID:\opencv\build\\include /AI"C:\Program Files (x86)\Reference Assemblies\Microsoft\Framework\.NETFramework\v4.5\\" /AI"C:\Program Files (x86)\Windows Kits\8.1\References\CommonConfiguration\Neutral" /AI"C:\Program Files (x86)\Reference Assemblies\Microsoft\Framework\.NETFramework\v4.5\Facades\\" /Zi /clr /nologo /W3 /WX- /Od /Oy- /D WIN32 /D _DEBUG /D _UNICODE /D UNICODE /EHa /MDd /GS /fp:precise /Zc:wchar_t /Zc:forScope /Fo"Debug\\" /Fd"Debug\vc120.pdb" /TP /FU"C:\Program Files (x86)\Reference Assemblies\Microsoft\Framework\.NETFramework\v4.5\mscorlib.dll" /FU"C:\Program Files (x86)\Reference Assemblies\Microsoft\Framework\.NETFramework\v4.5\System.Data.dll" /FU"C:\Program Files (x86)\Reference Assemblies\Microsoft\Framework\.NETFramework\v4.5\System.dll" /FU"C:\Program Files (x86)\Reference Assemblies\Microsoft\Framework\.NETFramework\v4.5\System.Drawing.dll" /FU"C:\Program Files (x86)\Reference Assemblies\Microsoft\Framework\.NETFramework\v4.5\System.Windows.Forms.dll" /FU"C:\Program Files (x86)\Reference Assemblies\Microsoft\Framework\.NETFramework\v4.5\System.Xml.dll" /analyze- /errorReport:prompt /clr:nostdlib Process.cpp
         Process.cpp
     1>Process.cpp(25): warning C4244: 'initializing' : conversion from 'double' to 'const int', possible loss of data
     1>Process.cpp(78): warning C4244: 'initializing' : conversion from 'float' to 'int', possible loss of data
     1>Process.cpp(112): warning C4244: '+=' : conversion from 'float' to 'int', possible loss of data
     1>Process.cpp(160): warning C4244: 'return' : conversion from 'float' to 'int', possible loss of data
     1>Process.cpp(190): warning C4244: 'argument' : conversion from 'int' to 'float', possible loss of data
     1>Process.cpp(223): warning C4018: '<' : signed/unsigned mismatch
     1>Process.cpp(227): warning C4018: '<' : signed/unsigned mismatch
     1>Process.cpp(239): warning C4018: '<' : signed/unsigned mismatch
     1>Process.cpp(270): warning C4018: '>' : signed/unsigned mismatch
     1>Process.cpp(198): warning C4101: 'resp' : unreferenced local variable
     1>Process.cpp(412): warning C4244: '=' : conversion from 'double' to 'int', possible loss of data
     1>Process.cpp(413): warning C4244: '=' : conversion from 'double' to 'int', possible loss of data
     1>Process.cpp(466): warning C4244: '=' : conversion from 'double' to 'int', possible loss of data
     1>Process.cpp(467): warning C4244: '=' : conversion from 'double' to 'int', possible loss of data
     1>d:\opencv\build\include\opencv2\core\cvstd.hpp(592): warning C4793: 'cv::String::String' : function compiled as native :
         	Found an intrinsic not supported in managed code
     1>d:\opencv\build\include\opencv2\core\mat.inl.hpp(381): warning C4793: 'cv::Mat::Mat' : function compiled as native :
         	Found an intrinsic not supported in managed code
     1>c:\users\saubhagyaw\documents\github\fyp\fyp_imageprocessing_ui\fyp_imageprocessing_ui\process.cpp(395): warning C4715: 'FYP_ImageProcessing_UI::Process::track' : not all control paths return a value
     1>d:\opencv\build\include\opencv2\core\mat.inl.hpp(666): warning C4793: 'cv::Mat::release' : function compiled as native :
         	Found an intrinsic not supported in managed code
     1>d:\opencv\build\include\opencv2\core\mat.inl.hpp(1703): warning C4793: 'cv::SparseMat::addref' : function compiled as native :
         	Found an intrinsic not supported in managed code
     1>d:\opencv\build\include\opencv2\core\mat.inl.hpp(3304): warning C4793: 'cv::UMat::addref' : function compiled as native :
         	Found an intrinsic not supported in managed code
     1>d:\opencv\build\include\opencv2\core\ptr.inl.hpp(67): warning C4793: 'cv::detail::PtrOwner::incRef' : function compiled as native :
         	Found an intrinsic not supported in managed code
     1>d:\opencv\build\include\opencv2\core\ptr.inl.hpp(72): warning C4793: 'cv::detail::PtrOwner::decRef' : function compiled as native :
         	Found an intrinsic not supported in managed code
       Link:
         C:\Program Files (x86)\Microsoft Visual Studio 12.0\VC\bin\link.exe /ERRORREPORT:PROMPT /OUT:"C:\Users\saubhagyaw\Documents\GitHub\FYP\FYP_ImageProcessing_UI\Debug\FYP_ImageProcessing_UI.exe" /INCREMENTAL /NOLOGO /LIBPATH:D:\opencv\build\\x86\vc12\lib opencv_ts300d.lib opencv_world300d.lib kernel32.lib user32.lib gdi32.lib winspool.lib comdlg32.lib advapi32.lib shell32.lib ole32.lib oleaut32.lib uuid.lib odbc32.lib odbccp32.lib /ASSEMBLYRESOURCE:Debug\FYP_ImageProcessing_UI.Home.resources /ASSEMBLYRESOURCE:Debug\FYP_ImageProcessing_UI.Process.resources /ASSEMBLYRESOURCE:Debug\FYP_ImageProcessing_UI.TargetForm.resources /MANIFEST /MANIFESTUAC:"level='asInvoker' uiAccess='false'" /manifest:embed /DEBUG /PDB:"C:\Users\saubhagyaw\Documents\GitHub\FYP\FYP_ImageProcessing_UI\Debug\FYP_ImageProcessing_UI.pdb" /ASSEMBLYDEBUG /SUBSYSTEM:WINDOWS /TLBID:1 /ENTRY:"Main" /DYNAMICBASE /FIXED:NO /NXCOMPAT /MACHINE:X86 Debug\BackPersonFollowing.obj
         Debug\Home.obj
         Debug\PersonFollowing.obj
         Debug\Process.obj
         Debug\Position.obj
         Debug\SideBySidePersonFollowing.obj
         Debug\TargetForm.obj
         "Debug\.NETFramework,Version=v4.5.AssemblyAttributes.obj"
     1>Process.obj : warning LNK4248: unresolved typeref token (01000021) for 'CvCapture'; image may not run
     1>Process.obj : warning LNK4248: unresolved typeref token (01000022) for 'cv.IVideoCapture'; image may not run
     1>opencv_ts300d.lib(ocl_test.obj) : warning LNK4099: PDB 'opencv_ts300d.pdb' was not found with 'opencv_ts300d.lib(ocl_test.obj)' or at 'C:\Users\saubhagyaw\Documents\GitHub\FYP\FYP_ImageProcessing_UI\Debug\opencv_ts300d.pdb'; linking object as if no debug info
     1>opencv_ts300d.lib(ts.obj) : warning LNK4099: PDB 'opencv_ts300d.pdb' was not found with 'opencv_ts300d.lib(ts.obj)' or at 'C:\Users\saubhagyaw\Documents\GitHub\FYP\FYP_ImageProcessing_UI\Debug\opencv_ts300d.pdb'; linking object as if no debug info
     1>opencv_ts300d.lib(ts_func.obj) : warning LNK4099: PDB 'opencv_ts300d.pdb' was not found with 'opencv_ts300d.lib(ts_func.obj)' or at 'C:\Users\saubhagyaw\Documents\GitHub\FYP\FYP_ImageProcessing_UI\Debug\opencv_ts300d.pdb'; linking object as if no debug info
     1>opencv_ts300d.lib(ts_gtest.obj) : warning LNK4099: PDB 'opencv_ts300d.pdb' was not found with 'opencv_ts300d.lib(ts_gtest.obj)' or at 'C:\Users\saubhagyaw\Documents\GitHub\FYP\FYP_ImageProcessing_UI\Debug\opencv_ts300d.pdb'; linking object as if no debug info
     1>opencv_ts300d.lib(ts_perf.obj) : warning LNK4099: PDB 'opencv_ts300d.pdb' was not found with 'opencv_ts300d.lib(ts_perf.obj)' or at 'C:\Users\saubhagyaw\Documents\GitHub\FYP\FYP_ImageProcessing_UI\Debug\opencv_ts300d.pdb'; linking object as if no debug info
     1>opencv_ts300d.lib(opencv_ts_pch.obj) : warning LNK4099: PDB 'opencv_ts300d.pdb' was not found with 'opencv_ts300d.lib(opencv_ts_pch.obj)' or at 'C:\Users\saubhagyaw\Documents\GitHub\FYP\FYP_ImageProcessing_UI\Debug\opencv_ts300d.pdb'; linking object as if no debug info
         FYP_ImageProcessing_UI.vcxproj -> C:\Users\saubhagyaw\Documents\GitHub\FYP\FYP_ImageProcessing_UI\Debug\FYP_ImageProcessing_UI.exe
     1>Done Building Project "C:\Users\saubhagyaw\Documents\GitHub\FYP\FYP_ImageProcessing_UI\FYP_ImageProcessing_UI\FYP_ImageProcessing_UI.vcxproj" (Build target(s)).

Build succeeded.

Time Elapsed 00:00:04.27
