Build started 28-May-16 6:46:37 PM.
     1>Project "C:\Users\saubhagyaw\Documents\GitHub\FYP\FYP_ImageProcessing\FYP_ImageProcessing\FYP_ImageProcessing.vcxproj" on node 2 (Build target(s)).
     1>ClCompile:
         C:\Program Files (x86)\Microsoft Visual Studio 12.0\VC\bin\CL.exe /c /ID:\opencv\build\\include /ZI /nologo /W3 /WX- /sdl /Od /Oy- /D _MBCS /Gm /EHsc /RTC1 /MDd /GS /fp:precise /Zc:wchar_t /Zc:forScope /Fo"Debug\\" /Fd"Debug\vc120.pdb" /Gd /TP /analyze- /errorReport:prompt main.cpp
         main.cpp
     1>c:\users\saubhagyaw\documents\github\fyp\fyp_imageprocessing\fyp_imageprocessing\main.cpp(21): warning C4244: 'initializing' : conversion from 'double' to 'const int', possible loss of data
     1>c:\users\saubhagyaw\documents\github\fyp\fyp_imageprocessing\fyp_imageprocessing\main.cpp(66): warning C4244: 'initializing' : conversion from 'float' to 'int', possible loss of data
     1>c:\users\saubhagyaw\documents\github\fyp\fyp_imageprocessing\fyp_imageprocessing\main.cpp(101): warning C4244: '+=' : conversion from 'float' to 'int', possible loss of data
     1>c:\users\saubhagyaw\documents\github\fyp\fyp_imageprocessing\fyp_imageprocessing\main.cpp(149): warning C4244: 'return' : conversion from 'float' to 'int', possible loss of data
     1>c:\users\saubhagyaw\documents\github\fyp\fyp_imageprocessing\fyp_imageprocessing\main.cpp(190): warning C4244: '=' : conversion from 'double' to 'int', possible loss of data
     1>c:\users\saubhagyaw\documents\github\fyp\fyp_imageprocessing\fyp_imageprocessing\main.cpp(191): warning C4244: '=' : conversion from 'double' to 'int', possible loss of data
     1>c:\users\saubhagyaw\documents\github\fyp\fyp_imageprocessing\fyp_imageprocessing\main.cpp(225): warning C4018: '<' : signed/unsigned mismatch
     1>c:\users\saubhagyaw\documents\github\fyp\fyp_imageprocessing\fyp_imageprocessing\main.cpp(229): warning C4018: '<' : signed/unsigned mismatch
     1>c:\users\saubhagyaw\documents\github\fyp\fyp_imageprocessing\fyp_imageprocessing\main.cpp(241): warning C4018: '<' : signed/unsigned mismatch
     1>c:\users\saubhagyaw\documents\github\fyp\fyp_imageprocessing\fyp_imageprocessing\main.cpp(271): warning C4018: '>' : signed/unsigned mismatch
       Link:
         C:\Program Files (x86)\Microsoft Visual Studio 12.0\VC\bin\link.exe /ERRORREPORT:PROMPT /OUT:"C:\Users\saubhagyaw\Documents\GitHub\FYP\FYP_ImageProcessing\Debug\FYP_ImageProcessing.exe" /INCREMENTAL /NOLOGO /LIBPATH:D:\opencv\build\\x86\vc12\lib opencv_ts300d.lib opencv_world300d.lib kernel32.lib user32.lib gdi32.lib winspool.lib comdlg32.lib advapi32.lib shell32.lib ole32.lib oleaut32.lib uuid.lib odbc32.lib odbccp32.lib /MANIFEST /MANIFESTUAC:"level='asInvoker' uiAccess='false'" /manifest:embed /DEBUG /PDB:"C:\Users\saubhagyaw\Documents\GitHub\FYP\FYP_ImageProcessing\Debug\FYP_ImageProcessing.pdb" /TLBID:1 /DYNAMICBASE /NXCOMPAT /IMPLIB:"C:\Users\saubhagyaw\Documents\GitHub\FYP\FYP_ImageProcessing\Debug\FYP_ImageProcessing.lib" /MACHINE:X86 Debug\main.obj
         FYP_ImageProcessing.vcxproj -> C:\Users\saubhagyaw\Documents\GitHub\FYP\FYP_ImageProcessing\Debug\FYP_ImageProcessing.exe
     1>Done Building Project "C:\Users\saubhagyaw\Documents\GitHub\FYP\FYP_ImageProcessing\FYP_ImageProcessing\FYP_ImageProcessing.vcxproj" (Build target(s)).

Build succeeded.

Time Elapsed 00:00:03.95
